2023-06-05 14:36:40 - [INFO] - libssl[line:79]: Failed to load SSL library: <class 'OSError'> (no library called "ssl" found)
2023-06-05 14:36:40 - [INFO] - aes[line:25]: cryptg module not installed and libssl not found, falling back to (slower) Python encryption
2023-06-05 14:36:42 - [INFO] - teleclient[line:537]: Initializing client pool...
2023-06-05 14:36:46 - [INFO] - teleclient[line:542]: [init]-[账号成功初始化]-[+639568014449]
2023-06-05 14:36:46 - [INFO] - teleclient[line:547]: Client pool has been initialized, total: 1
2023-06-05 14:36:46 - [INFO] - start[line:59]: Server start at localhost:8088/teleclient, mode: DEPLOYMENT
2023-06-05 14:36:46 - [INFO] - mediaprocessor[line:49]: Starting mediaprocessor...
2023-06-05 14:36:46 - [INFO] - mediaprocessor[line:95]: Download coroutine start...
2023-06-05 14:36:46 - [INFO] - mediaprocessor[line:95]: Download coroutine start...
2023-06-05 14:36:46 - [INFO] - mediaprocessor[line:95]: Download coroutine start...
2023-06-05 14:36:46 - [INFO] - mediaprocessor[line:95]: Download coroutine start...
2023-06-05 14:36:46 - [INFO] - mediaprocessor[line:95]: Download coroutine start...
2023-06-05 14:36:46 - [INFO] - mediaprocessor[line:95]: Download coroutine start...
2023-06-05 14:36:46 - [INFO] - mediaprocessor[line:95]: Download coroutine start...
2023-06-05 14:36:46 - [INFO] - mediaprocessor[line:141]: Upload coroutine start...
2023-06-05 14:37:03 - [INFO] - libssl[line:79]: Failed to load SSL library: <class 'OSError'> (no library called "ssl" found)
2023-06-05 14:37:03 - [INFO] - aes[line:25]: cryptg module not installed and libssl not found, falling back to (slower) Python encryption
2023-06-05 14:37:04 - [INFO] - teleclient[line:537]: Initializing client pool...
2023-06-05 14:37:09 - [INFO] - teleclient[line:542]: [init]-[账号成功初始化]-[+639568014449]
2023-06-05 14:37:09 - [INFO] - teleclient[line:547]: Client pool has been initialized, total: 1
2023-06-05 14:37:09 - [INFO] - start[line:59]: Server start at localhost:8088/teleclient, mode: DEPLOYMENT
2023-06-05 14:37:09 - [INFO] - mediaprocessor[line:49]: Starting mediaprocessor...
2023-06-05 14:37:09 - [INFO] - mediaprocessor[line:95]: Download coroutine start...
2023-06-05 14:37:09 - [INFO] - mediaprocessor[line:95]: Download coroutine start...
2023-06-05 14:37:09 - [INFO] - mediaprocessor[line:95]: Download coroutine start...
2023-06-05 14:37:09 - [INFO] - mediaprocessor[line:95]: Download coroutine start...
2023-06-05 14:37:09 - [INFO] - mediaprocessor[line:95]: Download coroutine start...
2023-06-05 14:37:09 - [INFO] - mediaprocessor[line:95]: Download coroutine start...
2023-06-05 14:37:09 - [INFO] - mediaprocessor[line:95]: Download coroutine start...
2023-06-05 14:37:09 - [INFO] - mediaprocessor[line:141]: Upload coroutine start...
2023-06-05 14:37:52 - [INFO] - web[line:2243]: 200 POST /teleclient (::1) 643.94ms
2023-06-05 15:37:56 - [INFO] - libssl[line:79]: Failed to load SSL library: <class 'OSError'> (no library called "ssl" found)
2023-06-05 15:37:56 - [INFO] - aes[line:25]: cryptg module not installed and libssl not found, falling back to (slower) Python encryption
2023-06-05 15:37:57 - [INFO] - teleclient[line:537]: Initializing client pool...
2023-06-05 15:38:02 - [INFO] - teleclient[line:542]: [init]-[账号成功初始化]-[+639568014449]
2023-06-05 15:38:02 - [INFO] - teleclient[line:547]: Client pool has been initialized, total: 1
2023-06-05 15:38:02 - [INFO] - start[line:59]: Server start at localhost:8088/teleclient, mode: DEPLOYMENT
2023-06-05 15:38:02 - [INFO] - mediaprocessor[line:49]: Starting mediaprocessor...
2023-06-05 15:38:02 - [INFO] - mediaprocessor[line:95]: Download coroutine start...
2023-06-05 15:38:02 - [INFO] - mediaprocessor[line:95]: Download coroutine start...
2023-06-05 15:38:02 - [INFO] - mediaprocessor[line:95]: Download coroutine start...
2023-06-05 15:38:02 - [INFO] - mediaprocessor[line:95]: Download coroutine start...
2023-06-05 15:38:02 - [INFO] - mediaprocessor[line:95]: Download coroutine start...
2023-06-05 15:38:02 - [INFO] - mediaprocessor[line:95]: Download coroutine start...
2023-06-05 15:38:02 - [INFO] - mediaprocessor[line:95]: Download coroutine start...
2023-06-05 15:38:02 - [INFO] - mediaprocessor[line:141]: Upload coroutine start...
2023-06-05 16:26:53 - [INFO] - libssl[line:79]: Failed to load SSL library: <class 'OSError'> (no library called "ssl" found)
2023-06-05 16:26:53 - [INFO] - aes[line:25]: cryptg module not installed and libssl not found, falling back to (slower) Python encryption
2023-06-05 16:26:54 - [INFO] - teleclient[line:537]: Initializing client pool...
2023-06-05 16:26:58 - [INFO] - teleclient[line:542]: [init]-[账号成功初始化]-[+639568014449]
2023-06-05 16:26:58 - [INFO] - teleclient[line:547]: Client pool has been initialized, total: 1
2023-06-05 16:26:58 - [INFO] - start[line:59]: Server start at localhost:8088/teleclient, mode: DEPLOYMENT
2023-06-05 16:26:58 - [INFO] - mediaprocessor[line:49]: Starting mediaprocessor...
2023-06-05 16:26:58 - [INFO] - mediaprocessor[line:95]: Download coroutine start...
2023-06-05 16:26:58 - [INFO] - mediaprocessor[line:95]: Download coroutine start...
2023-06-05 16:26:58 - [INFO] - mediaprocessor[line:95]: Download coroutine start...
2023-06-05 16:26:58 - [INFO] - mediaprocessor[line:95]: Download coroutine start...
2023-06-05 16:26:58 - [INFO] - mediaprocessor[line:95]: Download coroutine start...
2023-06-05 16:26:58 - [INFO] - mediaprocessor[line:95]: Download coroutine start...
2023-06-05 16:26:58 - [INFO] - mediaprocessor[line:95]: Download coroutine start...
2023-06-05 16:26:58 - [INFO] - mediaprocessor[line:141]: Upload coroutine start...
